[0.063s] Invoking command in '/theobald/cdr2022/dev_ws/build/robot_interfaces': CMAKE_PREFIX_PATH=${CMAKE_PREFIX_PATH}:/theobald/test_ws/install/py_srvcli:/theobald/test_ws/install/py_pubsub:/theobald/test_ws/install/python_parameters:/theobald/test_ws/install/my_package:/opt/ros/galactic /usr/bin/cmake --build /theobald/cdr2022/dev_ws/build/robot_interfaces -- -j4 -l4
[0.185s] -- Found ament_cmake: 1.1.4 (/opt/ros/galactic/share/ament_cmake/cmake)
[0.334s] -- Found PythonInterp: /usr/bin/python3 (found suitable version "3.8.10", minimum required is "3") 
[0.337s] -- Using PYTHON_EXECUTABLE: /usr/bin/python3
[0.645s] -- Override CMake install command with custom implementation using symlinks instead of copying resources
[0.680s] -- Found ament_lint_auto: 0.10.6 (/opt/ros/galactic/share/ament_lint_auto/cmake)
[1.075s] -- Found rosidl_default_generators: 1.1.1 (/opt/ros/galactic/share/rosidl_default_generators/cmake)
[1.085s] -- Using all available rosidl_typesupport_c: rosidl_typesupport_fastrtps_c;rosidl_typesupport_introspection_c
[1.096s] -- Found rosidl_adapter: 2.2.1 (/opt/ros/galactic/share/rosidl_adapter/cmake)
[2.036s] -- Using all available rosidl_typesupport_cpp: rosidl_typesupport_fastrtps_cpp;rosidl_typesupport_introspection_cpp
[2.256s] -- Found PythonInterp: /usr/bin/python3 (found version "3.8.10") 
[3.025s] CMake Error at /opt/ros/galactic/share/rosidl_adapter/cmake/rosidl_adapt_interfaces.cmake:60 (message):
[3.026s]   execute_process(/usr/bin/python3 -m rosidl_adapter --package-name
[3.027s]   robot_interfaces --arguments-file
[3.027s]   /theobald/cdr2022/dev_ws/build/robot_interfaces/rosidl_adapter__arguments__robot_interfaces.json
[3.028s]   --output-dir
[3.028s]   /theobald/cdr2022/dev_ws/build/robot_interfaces/rosidl_adapter/robot_interfaces
[3.028s]   --output-file
[3.028s]   /theobald/cdr2022/dev_ws/build/robot_interfaces/rosidl_adapter/robot_interfaces.idls)
[3.029s]   returned error code 1:
[3.029s] 
[3.030s]   Error processing 'int8 movementType' of 'robot_interfaces/Movement_Goal':
[3.030s]   ''movementType' is an invalid field name.  It should have the pattern
[3.031s]   '^(?!.*__)(?!.*_$)[a-z][a-z0-9_]*$''
[3.031s] 
[3.031s]   Traceback (most recent call last):
[3.032s] 
[3.032s]     File "/usr/lib/python3.8/runpy.py", line 194, in _run_module_as_main
[3.032s]       return _run_code(code, main_globals, None,
[3.033s]     File "/usr/lib/python3.8/runpy.py", line 87, in _run_code
[3.033s]       exec(code, run_globals)
[3.034s]     File "/opt/ros/galactic/lib/python3.8/site-packages/rosidl_adapter/__main__.py", line 19, in <module>
[3.034s]       sys.exit(main())
[3.034s]     File "/opt/ros/galactic/lib/python3.8/site-packages/rosidl_adapter/main.py", line 53, in main
[3.035s]       abs_idl_file = convert_to_idl(
[3.035s]     File "/opt/ros/galactic/lib/python3.8/site-packages/rosidl_adapter/__init__.py", line 29, in convert_to_idl
[3.036s]       return convert_action_to_idl(
[3.036s]     File "/opt/ros/galactic/lib/python3.8/site-packages/rosidl_adapter/action/__init__.py", line 28, in convert_action_to_idl
[3.037s]       action = parse_action_string(package_name, input_file.stem, content)
[3.037s]     File "/opt/ros/galactic/lib/python3.8/site-packages/rosidl_adapter/parser.py", line 892, in parse_action_string
[3.037s]       goal_message = parse_message_string(
[3.038s]     File "/opt/ros/galactic/lib/python3.8/site-packages/rosidl_adapter/parser.py", line 515, in parse_message_string
[3.038s]       fields.append(Field(
[3.039s]     File "/opt/ros/galactic/lib/python3.8/site-packages/rosidl_adapter/parser.py", line 353, in __init__
[3.039s]       raise NameError(
[3.040s] 
[3.040s]   NameError: 'movementType' is an invalid field name.  It should have the
[3.041s]   pattern '^(?!.*__)(?!.*_$)[a-z][a-z0-9_]*$'
[3.041s] 
[3.042s] Call Stack (most recent call first):
[3.042s]   /opt/ros/galactic/share/rosidl_cmake/cmake/rosidl_generate_interfaces.cmake:130 (rosidl_adapt_interfaces)
[3.043s]   CMakeLists.txt:27 (rosidl_generate_interfaces)
[3.045s] 
[3.046s] 
[3.047s] -- Configuring incomplete, errors occurred!
[3.049s] See also "/theobald/cdr2022/dev_ws/build/robot_interfaces/CMakeFiles/CMakeOutput.log".
[3.056s] make: *** [Makefile:748: cmake_check_build_system] Error 1
[3.061s] Invoked command in '/theobald/cdr2022/dev_ws/build/robot_interfaces' returned '2': CMAKE_PREFIX_PATH=${CMAKE_PREFIX_PATH}:/theobald/test_ws/install/py_srvcli:/theobald/test_ws/install/py_pubsub:/theobald/test_ws/install/python_parameters:/theobald/test_ws/install/my_package:/opt/ros/galactic /usr/bin/cmake --build /theobald/cdr2022/dev_ws/build/robot_interfaces -- -j4 -l4
